<?xml version="1.0" encoding="UTF-8"?>
<!-- Generated by org.testng.reporters.JUnitXMLReporter -->
<testsuite ignored="0" hostname="LAPTOP-1826LOER" failures="0" tests="2" name="Default test" time="25.028" errors="0" timestamp="2024-03-29T07:47:56 IST">
  <testcase classname="com.ws.testcase.TestPasswordRecoveryPage" name="testPasswordRecoverPage" time="1.218"/>
  <testcase classname="com.ws.testcase.TestPasswordRecoveryPage" name="testInvalidEmailAddress" time="1.431"/>
</testsuite> <!-- Default test -->
