<?xml version="1.0" encoding="UTF-8"?>
<testng-results ignored="0" total="2" passed="2" failed="0" skipped="0">
  <reporter-output>
  </reporter-output>
  <suite started-at="2024-03-22T07:28:42 IST" name="Suite" finished-at="2024-03-22T07:29:04 IST" duration-ms="21365">
    <groups>
    </groups>
    <test started-at="2024-03-22T07:28:42 IST" name="Test" finished-at="2024-03-22T07:29:04 IST" duration-ms="21365">
      <class name="com.ws.testcase.TestLoginPage">
        <test-method is-config="true" signature="setUp()[pri:0, instance:com.ws.testcase.TestLoginPage@5149d738]" started-at="2024-03-22T07:28:42 IST" name="setUp" finished-at="2024-03-22T07:28:48 IST" duration-ms="5465" status="PASS">
          <reporter-output>
          </reporter-output>
        </test-method> <!-- setUp -->
        <test-method signature="testLoginPageTitle()[pri:1, instance:com.ws.testcase.TestLoginPage@5149d738]" started-at="2024-03-22T07:28:48 IST" name="testLoginPageTitle" finished-at="2024-03-22T07:28:48 IST" duration-ms="537" status="PASS">
          <reporter-output>
          </reporter-output>
        </test-method> <!-- testLoginPageTitle -->
        <test-method is-config="true" signature="tearDown()[pri:0, instance:com.ws.testcase.TestLoginPage@5149d738]" started-at="2024-03-22T07:28:48 IST" name="tearDown" finished-at="2024-03-22T07:28:53 IST" duration-ms="4224" status="PASS">
          <reporter-output>
          </reporter-output>
        </test-method> <!-- tearDown -->
        <test-method is-config="true" signature="setUp()[pri:0, instance:com.ws.testcase.TestLoginPage@5149d738]" started-at="2024-03-22T07:28:53 IST" name="setUp" finished-at="2024-03-22T07:28:57 IST" duration-ms="4272" status="PASS">
          <reporter-output>
          </reporter-output>
        </test-method> <!-- setUp -->
        <test-method signature="testLoginFunction()[pri:2, instance:com.ws.testcase.TestLoginPage@5149d738]" started-at="2024-03-22T07:28:57 IST" name="testLoginFunction" finished-at="2024-03-22T07:29:00 IST" duration-ms="2616" status="PASS">
          <reporter-output>
          </reporter-output>
        </test-method> <!-- testLoginFunction -->
        <test-method is-config="true" signature="tearDown()[pri:0, instance:com.ws.testcase.TestLoginPage@5149d738]" started-at="2024-03-22T07:29:00 IST" name="tearDown" finished-at="2024-03-22T07:29:04 IST" duration-ms="4171" status="PASS">
          <reporter-output>
          </reporter-output>
        </test-method> <!-- tearDown -->
      </class> <!-- com.ws.testcase.TestLoginPage -->
    </test> <!-- Test -->
  </suite> <!-- Suite -->
</testng-results>
